swipeback/build/intermediates/manifest_merge_blame_file/debug/manifest-merger-blame-debug-report.txt
1<?xml version="1.0" encoding="utf-8"?>
2<manifest xmlns:android="http://schemas.android.com/apk/res/android"
3    xmlns:tools="http://schemas.android.com/tools"
4    package="me.imid.swipebacklayout.lib"
5    android:versionCode="2"
6    android:versionName="1.3.0"
7    tools:ignore="GradleOverrides" >
8
9    <uses-sdk
10        android:minSdkVersion="16"
10-->src/main/AndroidManifest.xml
11        android:targetSdkVersion="26" />
11-->src/main/AndroidManifest.xml
12
13    <application />
13-->src/main/AndroidManifest.xml:10:5-19
14
15</manifest>